<?xml version="1.0" encoding="UTF-8"?>
<!-- Generated by org.testng.reporters.JUnitReportReporter -->
<testsuite hostname="AM005" failures="0" tests="1" name="com.myStudent.testCases.TC_LoginTest" time="1.979" errors="0" timestamp="2022-03-31T23:07:20 IST" skipped="0">
  <testcase classname="com.myStudent.testCases.TC_LoginTest" name="loginTest" time="1.979"/>
  <system-out/>
</testsuite> <!-- com.myStudent.testCases.TC_LoginTest -->
